#! /home/cad/xilinx/iverilog/bin/vvp
:ivl_version "12.0 (stable)";
:ivl_delay_selection "TYPICAL";
:vpi_time_precision + 0;
:vpi_module "/home/cad/iverilog/lib/ivl/system.vpi";
:vpi_module "/home/cad/iverilog/lib/ivl/vhdl_sys.vpi";
:vpi_module "/home/cad/iverilog/lib/ivl/vhdl_textio.vpi";
:vpi_module "/home/cad/iverilog/lib/ivl/v2005_math.vpi";
:vpi_module "/home/cad/iverilog/lib/ivl/va_math.vpi";
S_0x1cecf50 .scope module, "AHB_Master" "AHB_Master" 2 1;
 .timescale 0 0;
    .port_info 0 /INPUT 1 "Hclk";
    .port_info 1 /INPUT 1 "Hresetn";
    .port_info 2 /INPUT 1 "Hreadyout";
    .port_info 3 /INPUT 2 "Hresp";
    .port_info 4 /INPUT 32 "Hrdata";
    .port_info 5 /OUTPUT 1 "Hwrite";
    .port_info 6 /OUTPUT 1 "Hreadyin";
    .port_info 7 /OUTPUT 2 "Htrans";
    .port_info 8 /OUTPUT 32 "Haddr";
    .port_info 9 /OUTPUT 32 "Hwdata";
    .port_info 10 /OUTPUT 3 "Hsize";
    .port_info 11 /OUTPUT 3 "Hburst";
P_0x1d2d3b0 .param/l "ADDR" 1 2 19, C4<01>;
P_0x1d2d3f0 .param/l "DATA" 1 2 20, C4<10>;
P_0x1d2d430 .param/l "IDLE" 1 2 18, C4<00>;
v0x1d584d0_0 .var "Haddr", 31 0;
v0x1d5f4f0_0 .var "Hburst", 2 0;
o0x7ff182e3c078 .functor BUFZ 1, C4<z>; HiZ drive
v0x1d21380_0 .net "Hclk", 0 0, o0x7ff182e3c078;  0 drivers
o0x7ff182e3c0a8 .functor BUFZ 32, C4<zzzzzzzzzzzzzzzzzzzzzzzzzzzzzzzz>; HiZ drive
v0x1d21cc0_0 .net "Hrdata", 31 0, o0x7ff182e3c0a8;  0 drivers
v0x1d22260_0 .var "Hreadyin", 0 0;
o0x7ff182e3c108 .functor BUFZ 1, C4<z>; HiZ drive
v0x1cec0f0_0 .net "Hreadyout", 0 0, o0x7ff182e3c108;  0 drivers
o0x7ff182e3c138 .functor BUFZ 1, C4<z>; HiZ drive
v0x1cec050_0 .net "Hresetn", 0 0, o0x7ff182e3c138;  0 drivers
o0x7ff182e3c168 .functor BUFZ 2, C4<zz>; HiZ drive
v0x1d7d160_0 .net "Hresp", 1 0, o0x7ff182e3c168;  0 drivers
v0x1d7d240_0 .var "Hsize", 2 0;
v0x1d7d320_0 .var "Htrans", 1 0;
v0x1d7d400_0 .var "Hwdata", 31 0;
v0x1d7d4e0_0 .var "Hwrite", 0 0;
v0x1d7d5a0_0 .var "next_state", 1 0;
v0x1d7d680_0 .var "rw_sel", 0 0;
v0x1d7d740_0 .var "state", 1 0;
E_0x1d26a70/0 .event negedge, v0x1cec050_0;
E_0x1d26a70/1 .event posedge, v0x1d21380_0;
E_0x1d26a70 .event/or E_0x1d26a70/0, E_0x1d26a70/1;
E_0x1d26cc0 .event anyedge, v0x1d7d740_0, v0x1cec0f0_0;
S_0x1d2d6a0 .scope module, "Bridge_Top" "Bridge_Top" 3 1;
 .timescale 0 0;
    .port_info 0 /INPUT 1 "Hclk";
    .port_info 1 /INPUT 1 "Hresetn";
    .port_info 2 /INPUT 1 "Hwrite";
    .port_info 3 /INPUT 1 "Hreadyin";
    .port_info 4 /INPUT 2 "Htrans";
    .port_info 5 /INPUT 32 "Haddr";
    .port_info 6 /INPUT 32 "Hwdata";
    .port_info 7 /OUTPUT 1 "Hreadyout";
    .port_info 8 /OUTPUT 2 "Hresp";
    .port_info 9 /OUTPUT 32 "Hrdata";
    .port_info 10 /OUTPUT 1 "Pwrite";
    .port_info 11 /OUTPUT 1 "Penable";
    .port_info 12 /OUTPUT 3 "Pselx";
    .port_info 13 /OUTPUT 32 "Paddr";
    .port_info 14 /OUTPUT 32 "Pwdata";
o0x7ff182e3c528 .functor BUFZ 32, C4<zzzzzzzzzzzzzzzzzzzzzzzzzzzzzzzz>; HiZ drive
v0x1d81d90_0 .net "Haddr", 31 0, o0x7ff182e3c528;  0 drivers
v0x1d81e70_0 .net "Haddr1", 31 0, v0x1d7de50_0;  1 drivers
v0x1d81f80_0 .net "Haddr2", 31 0, v0x1d7df30_0;  1 drivers
o0x7ff182e3c5b8 .functor BUFZ 1, C4<z>; HiZ drive
v0x1d82070_0 .net "Hclk", 0 0, o0x7ff182e3c5b8;  0 drivers
v0x1d82160_0 .net "Hrdata", 31 0, L_0x1d583b0;  1 drivers
o0x7ff182e3c618 .functor BUFZ 1, C4<z>; HiZ drive
v0x1d82270_0 .net "Hreadyin", 0 0, o0x7ff182e3c618;  0 drivers
v0x1d82310_0 .net "Hreadyout", 0 0, v0x1d7fbb0_0;  1 drivers
o0x7ff182e3c648 .functor BUFZ 1, C4<z>; HiZ drive
v0x1d823b0_0 .net "Hresetn", 0 0, o0x7ff182e3c648;  0 drivers
L_0x7ff182bb7018 .functor BUFT 1, C4<00>, C4<0>, C4<0>, C4<0>;
v0x1d824a0_0 .net "Hresp", 1 0, L_0x7ff182bb7018;  1 drivers
o0x7ff182e3c6a8 .functor BUFZ 2, C4<zz>; HiZ drive
v0x1d825d0_0 .net "Htrans", 1 0, o0x7ff182e3c6a8;  0 drivers
o0x7ff182e3c6d8 .functor BUFZ 32, C4<zzzzzzzzzzzzzzzzzzzzzzzzzzzzzzzz>; HiZ drive
v0x1d82670_0 .net "Hwdata", 31 0, o0x7ff182e3c6d8;  0 drivers
v0x1d82740_0 .net "Hwdata1", 31 0, v0x1d7e690_0;  1 drivers
v0x1d827e0_0 .net "Hwdata2", 31 0, v0x1d7e770_0;  1 drivers
o0x7ff182e3c768 .functor BUFZ 1, C4<z>; HiZ drive
v0x1d828d0_0 .net "Hwrite", 0 0, o0x7ff182e3c768;  0 drivers
v0x1d829c0_0 .net "Hwritereg", 0 0, v0x1d7e910_0;  1 drivers
v0x1d82ab0_0 .net "Paddr", 31 0, v0x1d802f0_0;  1 drivers
v0x1d82ba0_0 .net "Penable", 0 0, v0x1d804b0_0;  1 drivers
v0x1d82da0_0 .net "Prdata", 31 0, v0x1d81690_0;  1 drivers
v0x1d82eb0_0 .net "Pselx", 2 0, v0x1d80740_0;  1 drivers
v0x1d82fc0_0 .net "Pwdata", 31 0, v0x1d80900_0;  1 drivers
v0x1d830d0_0 .net "Pwrite", 0 0, v0x1d80ac0_0;  1 drivers
v0x1d831c0_0 .net "tempselx", 2 0, v0x1d7eab0_0;  1 drivers
v0x1d832d0_0 .net "valid", 0 0, v0x1d7eb90_0;  1 drivers
S_0x1d7d9a0 .scope module, "u_ahb_slave" "AHB_slave_interface" 3 37, 4 1 0, S_0x1d2d6a0;
 .timescale 0 0;
    .port_info 0 /INPUT 1 "Hclk";
    .port_info 1 /INPUT 1 "Hresetn";
    .port_info 2 /INPUT 1 "Hwrite";
    .port_info 3 /INPUT 1 "Hreadyin";
    .port_info 4 /INPUT 2 "Htrans";
    .port_info 5 /INPUT 32 "Haddr";
    .port_info 6 /INPUT 32 "Hwdata";
    .port_info 7 /INPUT 32 "Prdata";
    .port_info 8 /OUTPUT 1 "valid";
    .port_info 9 /OUTPUT 32 "Haddr1";
    .port_info 10 /OUTPUT 32 "Haddr2";
    .port_info 11 /OUTPUT 32 "Hwdata1";
    .port_info 12 /OUTPUT 32 "Hwdata2";
    .port_info 13 /OUTPUT 32 "Hrdata";
    .port_info 14 /OUTPUT 1 "Hwritereg";
    .port_info 15 /OUTPUT 3 "tempselx";
    .port_info 16 /OUTPUT 2 "Hresp";
L_0x1d583b0 .functor BUFZ 32, v0x1d81690_0, C4<00000000000000000000000000000000>, C4<00000000000000000000000000000000>, C4<00000000000000000000000000000000>;
v0x1d7dd50_0 .net "Haddr", 31 0, o0x7ff182e3c528;  alias, 0 drivers
v0x1d7de50_0 .var "Haddr1", 31 0;
v0x1d7df30_0 .var "Haddr2", 31 0;
v0x1d7dff0_0 .net "Hclk", 0 0, o0x7ff182e3c5b8;  alias, 0 drivers
v0x1d7e0b0_0 .net "Hrdata", 31 0, L_0x1d583b0;  alias, 1 drivers
v0x1d7e1e0_0 .net "Hreadyin", 0 0, o0x7ff182e3c618;  alias, 0 drivers
v0x1d7e2a0_0 .net "Hresetn", 0 0, o0x7ff182e3c648;  alias, 0 drivers
v0x1d7e360_0 .net "Hresp", 1 0, L_0x7ff182bb7018;  alias, 1 drivers
v0x1d7e440_0 .net "Htrans", 1 0, o0x7ff182e3c6a8;  alias, 0 drivers
v0x1d7e5b0_0 .net "Hwdata", 31 0, o0x7ff182e3c6d8;  alias, 0 drivers
v0x1d7e690_0 .var "Hwdata1", 31 0;
v0x1d7e770_0 .var "Hwdata2", 31 0;
v0x1d7e850_0 .net "Hwrite", 0 0, o0x7ff182e3c768;  alias, 0 drivers
v0x1d7e910_0 .var "Hwritereg", 0 0;
v0x1d7e9d0_0 .net "Prdata", 31 0, v0x1d81690_0;  alias, 1 drivers
v0x1d7eab0_0 .var "tempselx", 2 0;
v0x1d7eb90_0 .var "valid", 0 0;
E_0x1d268f0 .event anyedge, v0x1d7dd50_0;
E_0x1d0fb50 .event posedge, v0x1d7dff0_0;
S_0x1d7ef80 .scope module, "u_apb_fsm" "APB_FSM_Controller" 3 60, 5 1 0, S_0x1d2d6a0;
 .timescale 0 0;
    .port_info 0 /INPUT 1 "Hclk";
    .port_info 1 /INPUT 1 "Hresetn";
    .port_info 2 /INPUT 1 "valid";
    .port_info 3 /INPUT 1 "Hwrite";
    .port_info 4 /INPUT 1 "Hwritereg";
    .port_info 5 /INPUT 32 "Haddr";
    .port_info 6 /INPUT 32 "Haddr1";
    .port_info 7 /INPUT 32 "Haddr2";
    .port_info 8 /INPUT 32 "Hwdata1";
    .port_info 9 /INPUT 32 "Hwdata2";
    .port_info 10 /INPUT 3 "tempselx";
    .port_info 11 /OUTPUT 1 "Pwrite";
    .port_info 12 /OUTPUT 1 "Penable";
    .port_info 13 /OUTPUT 3 "Pselx";
    .port_info 14 /OUTPUT 32 "Paddr";
    .port_info 15 /OUTPUT 32 "Pwdata";
    .port_info 16 /OUTPUT 1 "Hreadyout";
P_0x1d7f130 .param/l "ST_IDLE" 1 5 30, C4<000>;
P_0x1d7f170 .param/l "ST_READ" 1 5 32, C4<010>;
P_0x1d7f1b0 .param/l "ST_RENABLE" 1 5 35, C4<101>;
P_0x1d7f1f0 .param/l "ST_WENABLE" 1 5 36, C4<110>;
P_0x1d7f230 .param/l "ST_WENABLEP" 1 5 37, C4<111>;
P_0x1d7f270 .param/l "ST_WRITE" 1 5 33, C4<011>;
P_0x1d7f2b0 .param/l "ST_WRITEP" 1 5 34, C4<100>;
P_0x1d7f2f0 .param/l "ST_WWAIT" 1 5 31, C4<001>;
v0x1d7f8f0_0 .net "Haddr", 31 0, o0x7ff182e3c528;  alias, 0 drivers
v0x1d7f9d0_0 .net "Haddr1", 31 0, v0x1d7de50_0;  alias, 1 drivers
v0x1d7fa70_0 .net "Haddr2", 31 0, v0x1d7df30_0;  alias, 1 drivers
v0x1d7fb10_0 .net "Hclk", 0 0, o0x7ff182e3c5b8;  alias, 0 drivers
v0x1d7fbb0_0 .var "Hreadyout", 0 0;
v0x1d7fca0_0 .var "Hreadyout_temp", 0 0;
v0x1d7fd40_0 .net "Hresetn", 0 0, o0x7ff182e3c648;  alias, 0 drivers
v0x1d7fde0_0 .net "Hwdata1", 31 0, v0x1d7e690_0;  alias, 1 drivers
v0x1d7feb0_0 .net "Hwdata2", 31 0, v0x1d7e770_0;  alias, 1 drivers
v0x1d80010_0 .net "Hwrite", 0 0, o0x7ff182e3c768;  alias, 0 drivers
v0x1d800e0_0 .net "Hwritereg", 0 0, v0x1d7e910_0;  alias, 1 drivers
v0x1d801b0_0 .var "NEXT_STATE", 2 0;
v0x1d80250_0 .var "PRESENT_STATE", 2 0;
v0x1d802f0_0 .var "Paddr", 31 0;
v0x1d803d0_0 .var "Paddr_temp", 31 0;
v0x1d804b0_0 .var "Penable", 0 0;
v0x1d80570_0 .var "Penable_temp", 0 0;
v0x1d80740_0 .var "Pselx", 2 0;
v0x1d80820_0 .var "Pselx_temp", 2 0;
v0x1d80900_0 .var "Pwdata", 31 0;
v0x1d809e0_0 .var "Pwdata_temp", 31 0;
v0x1d80ac0_0 .var "Pwrite", 0 0;
v0x1d80b80_0 .var "Pwrite_temp", 0 0;
v0x1d80c40_0 .net "tempselx", 2 0, v0x1d7eab0_0;  alias, 1 drivers
v0x1d80d30_0 .net "valid", 0 0, v0x1d7eb90_0;  alias, 1 drivers
E_0x1d61310/0 .event anyedge, v0x1d802f0_0, v0x1d80900_0, v0x1d80250_0, v0x1d7eb90_0;
E_0x1d61310/1 .event anyedge, v0x1d7e850_0, v0x1d7de50_0, v0x1d7eab0_0, v0x1d7e690_0;
E_0x1d61310/2 .event anyedge, v0x1d7df30_0, v0x1d7e770_0;
E_0x1d61310 .event/or E_0x1d61310/0, E_0x1d61310/1, E_0x1d61310/2;
E_0x1d60b80 .event anyedge, v0x1d80250_0, v0x1d7eb90_0, v0x1d7e850_0, v0x1d7e910_0;
S_0x1d80fe0 .scope module, "u_apb_if" "APB_Interface" 3 83, 6 1 0, S_0x1d2d6a0;
 .timescale 0 0;
    .port_info 0 /INPUT 1 "Pwrite";
    .port_info 1 /INPUT 1 "Penable";
    .port_info 2 /INPUT 3 "Pselx";
    .port_info 3 /INPUT 32 "Paddr";
    .port_info 4 /INPUT 32 "Pwdata";
    .port_info 5 /OUTPUT 1 "Pwriteout";
    .port_info 6 /OUTPUT 1 "Penableout";
    .port_info 7 /OUTPUT 3 "Pselxout";
    .port_info 8 /OUTPUT 32 "Paddrout";
    .port_info 9 /OUTPUT 32 "Pwdataout";
    .port_info 10 /OUTPUT 32 "Prdata";
L_0x1d21260 .functor BUFZ 1, v0x1d80ac0_0, C4<0>, C4<0>, C4<0>;
L_0x1d21ba0 .functor BUFZ 1, v0x1d804b0_0, C4<0>, C4<0>, C4<0>;
L_0x1d22140 .functor BUFZ 3, v0x1d80740_0, C4<000>, C4<000>, C4<000>;
L_0x1d1d460 .functor BUFZ 32, v0x1d802f0_0, C4<00000000000000000000000000000000>, C4<00000000000000000000000000000000>, C4<00000000000000000000000000000000>;
L_0x1d26160 .functor BUFZ 32, v0x1d80900_0, C4<00000000000000000000000000000000>, C4<00000000000000000000000000000000>, C4<00000000000000000000000000000000>;
v0x1d81320_0 .net "Paddr", 31 0, v0x1d802f0_0;  alias, 1 drivers
v0x1d81430_0 .net "Paddrout", 31 0, L_0x1d1d460;  1 drivers
v0x1d814f0_0 .net "Penable", 0 0, v0x1d804b0_0;  alias, 1 drivers
v0x1d815f0_0 .net "Penableout", 0 0, L_0x1d21ba0;  1 drivers
v0x1d81690_0 .var "Prdata", 31 0;
v0x1d81780_0 .net "Pselx", 2 0, v0x1d80740_0;  alias, 1 drivers
v0x1d81850_0 .net "Pselxout", 2 0, L_0x1d22140;  1 drivers
v0x1d81910_0 .net "Pwdata", 31 0, v0x1d80900_0;  alias, 1 drivers
v0x1d81a00_0 .net "Pwdataout", 31 0, L_0x1d26160;  1 drivers
v0x1d81ac0_0 .net "Pwrite", 0 0, v0x1d80ac0_0;  alias, 1 drivers
v0x1d81b90_0 .net "Pwriteout", 0 0, L_0x1d21260;  1 drivers
E_0x1d812b0 .event anyedge, v0x1d80ac0_0, v0x1d804b0_0, v0x1d80740_0, v0x1d802f0_0;
    .scope S_0x1cecf50;
T_0 ;
    %wait E_0x1d26a70;
    %load/vec4 v0x1cec050_0;
    %nor/r;
    %flag_set/vec4 8;
    %jmp/0xz  T_0.0, 8;
    %pushi/vec4 0, 0, 2;
    %assign/vec4 v0x1d7d740_0, 0;
    %jmp T_0.1;
T_0.0 ;
    %load/vec4 v0x1d7d5a0_0;
    %assign/vec4 v0x1d7d740_0, 0;
T_0.1 ;
    %jmp T_0;
    .thread T_0;
    .scope S_0x1cecf50;
T_1 ;
    %wait E_0x1d26cc0;
    %load/vec4 v0x1d7d740_0;
    %dup/vec4;
    %pushi/vec4 0, 0, 2;
    %cmp/u;
    %jmp/1 T_1.0, 6;
    %dup/vec4;
    %pushi/vec4 1, 0, 2;
    %cmp/u;
    %jmp/1 T_1.1, 6;
    %dup/vec4;
    %pushi/vec4 2, 0, 2;
    %cmp/u;
    %jmp/1 T_1.2, 6;
    %pushi/vec4 0, 0, 2;
    %store/vec4 v0x1d7d5a0_0, 0, 2;
    %jmp T_1.4;
T_1.0 ;
    %pushi/vec4 1, 0, 2;
    %store/vec4 v0x1d7d5a0_0, 0, 2;
    %jmp T_1.4;
T_1.1 ;
    %load/vec4 v0x1cec0f0_0;
    %flag_set/vec4 8;
    %jmp/0 T_1.5, 8;
    %pushi/vec4 2, 0, 2;
    %jmp/1 T_1.6, 8;
T_1.5 ; End of true expr.
    %pushi/vec4 1, 0, 2;
    %jmp/0 T_1.6, 8;
 ; End of false expr.
    %blend;
T_1.6;
    %store/vec4 v0x1d7d5a0_0, 0, 2;
    %jmp T_1.4;
T_1.2 ;
    %load/vec4 v0x1cec0f0_0;
    %flag_set/vec4 8;
    %jmp/0 T_1.7, 8;
    %pushi/vec4 0, 0, 2;
    %jmp/1 T_1.8, 8;
T_1.7 ; End of true expr.
    %pushi/vec4 2, 0, 2;
    %jmp/0 T_1.8, 8;
 ; End of false expr.
    %blend;
T_1.8;
    %store/vec4 v0x1d7d5a0_0, 0, 2;
    %jmp T_1.4;
T_1.4 ;
    %pop/vec4 1;
    %jmp T_1;
    .thread T_1, $push;
    .scope S_0x1cecf50;
T_2 ;
    %wait E_0x1d26a70;
    %load/vec4 v0x1cec050_0;
    %nor/r;
    %flag_set/vec4 8;
    %jmp/0xz  T_2.0, 8;
    %pushi/vec4 0, 0, 1;
    %assign/vec4 v0x1d7d4e0_0, 0;
    %pushi/vec4 0, 0, 2;
    %assign/vec4 v0x1d7d320_0, 0;
    %pushi/vec4 0, 0, 32;
    %assign/vec4 v0x1d584d0_0, 0;
    %pushi/vec4 0, 0, 32;
    %assign/vec4 v0x1d7d400_0, 0;
    %pushi/vec4 1, 0, 1;
    %assign/vec4 v0x1d22260_0, 0;
    %pushi/vec4 0, 0, 3;
    %assign/vec4 v0x1d7d240_0, 0;
    %pushi/vec4 0, 0, 3;
    %assign/vec4 v0x1d5f4f0_0, 0;
    %pushi/vec4 1, 0, 1;
    %assign/vec4 v0x1d7d680_0, 0;
    %jmp T_2.1;
T_2.0 ;
    %load/vec4 v0x1d7d740_0;
    %dup/vec4;
    %pushi/vec4 0, 0, 2;
    %cmp/u;
    %jmp/1 T_2.2, 6;
    %dup/vec4;
    %pushi/vec4 1, 0, 2;
    %cmp/u;
    %jmp/1 T_2.3, 6;
    %dup/vec4;
    %pushi/vec4 2, 0, 2;
    %cmp/u;
    %jmp/1 T_2.4, 6;
    %jmp T_2.5;
T_2.2 ;
    %pushi/vec4 0, 0, 2;
    %assign/vec4 v0x1d7d320_0, 0;
    %pushi/vec4 1, 0, 1;
    %assign/vec4 v0x1d22260_0, 0;
    %load/vec4 v0x1d7d680_0;
    %inv;
    %assign/vec4 v0x1d7d680_0, 0;
    %jmp T_2.5;
T_2.3 ;
    %pushi/vec4 2, 0, 2;
    %assign/vec4 v0x1d7d320_0, 0;
    %pushi/vec4 0, 0, 3;
    %assign/vec4 v0x1d7d240_0, 0;
    %pushi/vec4 0, 0, 3;
    %assign/vec4 v0x1d5f4f0_0, 0;
    %pushi/vec4 1, 0, 1;
    %assign/vec4 v0x1d22260_0, 0;
    %load/vec4 v0x1d7d680_0;
    %flag_set/vec4 8;
    %jmp/0xz  T_2.6, 8;
    %pushi/vec4 1, 0, 1;
    %assign/vec4 v0x1d7d4e0_0, 0;
    %pushi/vec4 2147483649, 0, 32;
    %assign/vec4 v0x1d584d0_0, 0;
    %jmp T_2.7;
T_2.6 ;
    %pushi/vec4 0, 0, 1;
    %assign/vec4 v0x1d7d4e0_0, 0;
    %pushi/vec4 2147483810, 0, 32;
    %assign/vec4 v0x1d584d0_0, 0;
T_2.7 ;
    %jmp T_2.5;
T_2.4 ;
    %pushi/vec4 0, 0, 2;
    %assign/vec4 v0x1d7d320_0, 0;
    %load/vec4 v0x1d7d680_0;
    %flag_set/vec4 8;
    %jmp/0xz  T_2.8, 8;
    %pushi/vec4 163, 0, 32;
    %assign/vec4 v0x1d7d400_0, 0;
T_2.8 ;
    %jmp T_2.5;
T_2.5 ;
    %pop/vec4 1;
T_2.1 ;
    %jmp T_2;
    .thread T_2;
    .scope S_0x1d7d9a0;
T_3 ;
    %wait E_0x1d0fb50;
    %load/vec4 v0x1d7e2a0_0;
    %nor/r;
    %flag_set/vec4 8;
    %jmp/0xz  T_3.0, 8;
    %pushi/vec4 0, 0, 32;
    %assign/vec4 v0x1d7de50_0, 0;
    %pushi/vec4 0, 0, 32;
    %assign/vec4 v0x1d7df30_0, 0;
    %jmp T_3.1;
T_3.0 ;
    %load/vec4 v0x1d7dd50_0;
    %assign/vec4 v0x1d7de50_0, 0;
    %load/vec4 v0x1d7de50_0;
    %assign/vec4 v0x1d7df30_0, 0;
T_3.1 ;
    %jmp T_3;
    .thread T_3;
    .scope S_0x1d7d9a0;
T_4 ;
    %wait E_0x1d0fb50;
    %load/vec4 v0x1d7e2a0_0;
    %nor/r;
    %flag_set/vec4 8;
    %jmp/0xz  T_4.0, 8;
    %pushi/vec4 0, 0, 32;
    %assign/vec4 v0x1d7e690_0, 0;
    %pushi/vec4 0, 0, 32;
    %assign/vec4 v0x1d7e770_0, 0;
    %jmp T_4.1;
T_4.0 ;
    %load/vec4 v0x1d7e5b0_0;
    %assign/vec4 v0x1d7e690_0, 0;
    %load/vec4 v0x1d7e690_0;
    %assign/vec4 v0x1d7e770_0, 0;
T_4.1 ;
    %jmp T_4;
    .thread T_4;
    .scope S_0x1d7d9a0;
T_5 ;
    %wait E_0x1d0fb50;
    %load/vec4 v0x1d7e2a0_0;
    %nor/r;
    %flag_set/vec4 8;
    %jmp/0xz  T_5.0, 8;
    %pushi/vec4 0, 0, 1;
    %assign/vec4 v0x1d7e910_0, 0;
    %jmp T_5.1;
T_5.0 ;
    %load/vec4 v0x1d7e850_0;
    %assign/vec4 v0x1d7e910_0, 0;
T_5.1 ;
    %jmp T_5;
    .thread T_5;
    .scope S_0x1d7d9a0;
T_6 ;
    %wait E_0x1d0fb50;
    %load/vec4 v0x1d7e2a0_0;
    %nor/r;
    %flag_set/vec4 8;
    %jmp/0xz  T_6.0, 8;
    %pushi/vec4 0, 0, 1;
    %assign/vec4 v0x1d7eb90_0, 0;
    %jmp T_6.1;
T_6.0 ;
    %load/vec4 v0x1d7e1e0_0;
    %flag_set/vec4 9;
    %flag_get/vec4 9;
    %jmp/0 T_6.3, 9;
    %load/vec4 v0x1d7dd50_0;
    %cmpi/u 2147483648, 0, 32;
    %flag_inv 5; GE is !LT
    %flag_get/vec4 5;
    %jmp/0 T_6.4, 5;
    %load/vec4 v0x1d7dd50_0;
    %cmpi/u 2348810240, 0, 32;
    %flag_get/vec4 5;
    %and;
T_6.4;
    %and;
T_6.3;
    %flag_set/vec4 8;
    %flag_get/vec4 8;
    %jmp/0 T_6.2, 8;
    %load/vec4 v0x1d7e440_0;
    %cmpi/e 2, 0, 2;
    %flag_get/vec4 4;
    %jmp/1 T_6.5, 4;
    %load/vec4 v0x1d7e440_0;
    %pushi/vec4 3, 0, 2;
    %cmp/e;
    %flag_get/vec4 4;
    %or;
T_6.5;
    %and;
T_6.2;
    %assign/vec4 v0x1d7eb90_0, 0;
T_6.1 ;
    %jmp T_6;
    .thread T_6;
    .scope S_0x1d7d9a0;
T_7 ;
    %wait E_0x1d268f0;
    %pushi/vec4 0, 0, 3;
    %store/vec4 v0x1d7eab0_0, 0, 3;
    %load/vec4 v0x1d7dd50_0;
    %cmpi/u 2147483648, 0, 32;
    %flag_inv 5; GE is !LT
    %flag_get/vec4 5;
    %jmp/0 T_7.2, 5;
    %load/vec4 v0x1d7dd50_0;
    %cmpi/u 2214592512, 0, 32;
    %flag_get/vec4 5;
    %and;
T_7.2;
    %flag_set/vec4 8;
    %jmp/0xz  T_7.0, 8;
    %pushi/vec4 1, 0, 3;
    %store/vec4 v0x1d7eab0_0, 0, 3;
    %jmp T_7.1;
T_7.0 ;
    %load/vec4 v0x1d7dd50_0;
    %cmpi/u 2214592512, 0, 32;
    %flag_inv 5; GE is !LT
    %flag_get/vec4 5;
    %jmp/0 T_7.5, 5;
    %load/vec4 v0x1d7dd50_0;
    %cmpi/u 2281701376, 0, 32;
    %flag_get/vec4 5;
    %and;
T_7.5;
    %flag_set/vec4 8;
    %jmp/0xz  T_7.3, 8;
    %pushi/vec4 2, 0, 3;
    %store/vec4 v0x1d7eab0_0, 0, 3;
    %jmp T_7.4;
T_7.3 ;
    %load/vec4 v0x1d7dd50_0;
    %cmpi/u 2281701376, 0, 32;
    %flag_inv 5; GE is !LT
    %flag_get/vec4 5;
    %jmp/0 T_7.8, 5;
    %load/vec4 v0x1d7dd50_0;
    %cmpi/u 2348810240, 0, 32;
    %flag_get/vec4 5;
    %and;
T_7.8;
    %flag_set/vec4 8;
    %jmp/0xz  T_7.6, 8;
    %pushi/vec4 4, 0, 3;
    %store/vec4 v0x1d7eab0_0, 0, 3;
T_7.6 ;
T_7.4 ;
T_7.1 ;
    %jmp T_7;
    .thread T_7, $push;
    .scope S_0x1d7ef80;
T_8 ;
    %wait E_0x1d0fb50;
    %load/vec4 v0x1d7fd40_0;
    %nor/r;
    %flag_set/vec4 8;
    %jmp/0xz  T_8.0, 8;
    %pushi/vec4 0, 0, 3;
    %assign/vec4 v0x1d80250_0, 0;
    %jmp T_8.1;
T_8.0 ;
    %load/vec4 v0x1d801b0_0;
    %assign/vec4 v0x1d80250_0, 0;
T_8.1 ;
    %jmp T_8;
    .thread T_8;
    .scope S_0x1d7ef80;
T_9 ;
    %wait E_0x1d60b80;
    %load/vec4 v0x1d80250_0;
    %dup/vec4;
    %pushi/vec4 0, 0, 3;
    %cmp/u;
    %jmp/1 T_9.0, 6;
    %dup/vec4;
    %pushi/vec4 1, 0, 3;
    %cmp/u;
    %jmp/1 T_9.1, 6;
    %dup/vec4;
    %pushi/vec4 2, 0, 3;
    %cmp/u;
    %jmp/1 T_9.2, 6;
    %dup/vec4;
    %pushi/vec4 3, 0, 3;
    %cmp/u;
    %jmp/1 T_9.3, 6;
    %dup/vec4;
    %pushi/vec4 4, 0, 3;
    %cmp/u;
    %jmp/1 T_9.4, 6;
    %dup/vec4;
    %pushi/vec4 5, 0, 3;
    %cmp/u;
    %jmp/1 T_9.5, 6;
    %dup/vec4;
    %pushi/vec4 6, 0, 3;
    %cmp/u;
    %jmp/1 T_9.6, 6;
    %dup/vec4;
    %pushi/vec4 7, 0, 3;
    %cmp/u;
    %jmp/1 T_9.7, 6;
    %pushi/vec4 0, 0, 3;
    %store/vec4 v0x1d801b0_0, 0, 3;
    %jmp T_9.9;
T_9.0 ;
    %load/vec4 v0x1d80d30_0;
    %nor/r;
    %flag_set/vec4 8;
    %jmp/0xz  T_9.10, 8;
    %pushi/vec4 0, 0, 3;
    %store/vec4 v0x1d801b0_0, 0, 3;
    %jmp T_9.11;
T_9.10 ;
    %load/vec4 v0x1d80d30_0;
    %flag_set/vec4 9;
    %flag_get/vec4 9;
    %jmp/0 T_9.14, 9;
    %load/vec4 v0x1d80010_0;
    %and;
T_9.14;
    %flag_set/vec4 8;
    %jmp/0xz  T_9.12, 8;
    %pushi/vec4 1, 0, 3;
    %store/vec4 v0x1d801b0_0, 0, 3;
    %jmp T_9.13;
T_9.12 ;
    %pushi/vec4 2, 0, 3;
    %store/vec4 v0x1d801b0_0, 0, 3;
T_9.13 ;
T_9.11 ;
    %jmp T_9.9;
T_9.1 ;
    %load/vec4 v0x1d80d30_0;
    %nor/r;
    %flag_set/vec4 8;
    %jmp/0xz  T_9.15, 8;
    %pushi/vec4 3, 0, 3;
    %store/vec4 v0x1d801b0_0, 0, 3;
    %jmp T_9.16;
T_9.15 ;
    %pushi/vec4 4, 0, 3;
    %store/vec4 v0x1d801b0_0, 0, 3;
T_9.16 ;
    %jmp T_9.9;
T_9.2 ;
    %pushi/vec4 5, 0, 3;
    %store/vec4 v0x1d801b0_0, 0, 3;
    %jmp T_9.9;
T_9.3 ;
    %load/vec4 v0x1d80d30_0;
    %nor/r;
    %flag_set/vec4 8;
    %jmp/0xz  T_9.17, 8;
    %pushi/vec4 6, 0, 3;
    %store/vec4 v0x1d801b0_0, 0, 3;
    %jmp T_9.18;
T_9.17 ;
    %pushi/vec4 7, 0, 3;
    %store/vec4 v0x1d801b0_0, 0, 3;
T_9.18 ;
    %jmp T_9.9;
T_9.4 ;
    %pushi/vec4 7, 0, 3;
    %store/vec4 v0x1d801b0_0, 0, 3;
    %jmp T_9.9;
T_9.5 ;
    %load/vec4 v0x1d80d30_0;
    %nor/r;
    %flag_set/vec4 8;
    %jmp/0xz  T_9.19, 8;
    %pushi/vec4 0, 0, 3;
    %store/vec4 v0x1d801b0_0, 0, 3;
    %jmp T_9.20;
T_9.19 ;
    %load/vec4 v0x1d80d30_0;
    %flag_set/vec4 9;
    %flag_get/vec4 9;
    %jmp/0 T_9.23, 9;
    %load/vec4 v0x1d80010_0;
    %and;
T_9.23;
    %flag_set/vec4 8;
    %jmp/0xz  T_9.21, 8;
    %pushi/vec4 1, 0, 3;
    %store/vec4 v0x1d801b0_0, 0, 3;
    %jmp T_9.22;
T_9.21 ;
    %pushi/vec4 2, 0, 3;
    %store/vec4 v0x1d801b0_0, 0, 3;
T_9.22 ;
T_9.20 ;
    %jmp T_9.9;
T_9.6 ;
    %load/vec4 v0x1d80d30_0;
    %nor/r;
    %flag_set/vec4 8;
    %jmp/0xz  T_9.24, 8;
    %pushi/vec4 0, 0, 3;
    %store/vec4 v0x1d801b0_0, 0, 3;
    %jmp T_9.25;
T_9.24 ;
    %load/vec4 v0x1d80d30_0;
    %flag_set/vec4 9;
    %flag_get/vec4 9;
    %jmp/0 T_9.28, 9;
    %load/vec4 v0x1d80010_0;
    %and;
T_9.28;
    %flag_set/vec4 8;
    %jmp/0xz  T_9.26, 8;
    %pushi/vec4 1, 0, 3;
    %store/vec4 v0x1d801b0_0, 0, 3;
    %jmp T_9.27;
T_9.26 ;
    %pushi/vec4 2, 0, 3;
    %store/vec4 v0x1d801b0_0, 0, 3;
T_9.27 ;
T_9.25 ;
    %jmp T_9.9;
T_9.7 ;
    %load/vec4 v0x1d80d30_0;
    %nor/r;
    %flag_set/vec4 9;
    %flag_get/vec4 9;
    %jmp/0 T_9.31, 9;
    %load/vec4 v0x1d800e0_0;
    %and;
T_9.31;
    %flag_set/vec4 8;
    %jmp/0xz  T_9.29, 8;
    %pushi/vec4 3, 0, 3;
    %store/vec4 v0x1d801b0_0, 0, 3;
    %jmp T_9.30;
T_9.29 ;
    %load/vec4 v0x1d80d30_0;
    %flag_set/vec4 9;
    %flag_get/vec4 9;
    %jmp/0 T_9.34, 9;
    %load/vec4 v0x1d800e0_0;
    %and;
T_9.34;
    %flag_set/vec4 8;
    %jmp/0xz  T_9.32, 8;
    %pushi/vec4 4, 0, 3;
    %store/vec4 v0x1d801b0_0, 0, 3;
    %jmp T_9.33;
T_9.32 ;
    %pushi/vec4 2, 0, 3;
    %store/vec4 v0x1d801b0_0, 0, 3;
T_9.33 ;
T_9.30 ;
    %jmp T_9.9;
T_9.9 ;
    %pop/vec4 1;
    %jmp T_9;
    .thread T_9, $push;
    .scope S_0x1d7ef80;
T_10 ;
    %wait E_0x1d61310;
    %load/vec4 v0x1d802f0_0;
    %store/vec4 v0x1d803d0_0, 0, 32;
    %load/vec4 v0x1d80900_0;
    %store/vec4 v0x1d809e0_0, 0, 32;
    %pushi/vec4 0, 0, 1;
    %store/vec4 v0x1d80b80_0, 0, 1;
    %pushi/vec4 0, 0, 3;
    %store/vec4 v0x1d80820_0, 0, 3;
    %pushi/vec4 0, 0, 1;
    %store/vec4 v0x1d80570_0, 0, 1;
    %pushi/vec4 1, 0, 1;
    %store/vec4 v0x1d7fca0_0, 0, 1;
    %load/vec4 v0x1d80250_0;
    %dup/vec4;
    %pushi/vec4 0, 0, 3;
    %cmp/u;
    %jmp/1 T_10.0, 6;
    %dup/vec4;
    %pushi/vec4 1, 0, 3;
    %cmp/u;
    %jmp/1 T_10.1, 6;
    %dup/vec4;
    %pushi/vec4 2, 0, 3;
    %cmp/u;
    %jmp/1 T_10.2, 6;
    %dup/vec4;
    %pushi/vec4 3, 0, 3;
    %cmp/u;
    %jmp/1 T_10.3, 6;
    %dup/vec4;
    %pushi/vec4 4, 0, 3;
    %cmp/u;
    %jmp/1 T_10.4, 6;
    %dup/vec4;
    %pushi/vec4 5, 0, 3;
    %cmp/u;
    %jmp/1 T_10.5, 6;
    %dup/vec4;
    %pushi/vec4 6, 0, 3;
    %cmp/u;
    %jmp/1 T_10.6, 6;
    %dup/vec4;
    %pushi/vec4 7, 0, 3;
    %cmp/u;
    %jmp/1 T_10.7, 6;
    %jmp T_10.8;
T_10.0 ;
    %load/vec4 v0x1d80d30_0;
    %flag_set/vec4 9;
    %flag_get/vec4 9;
    %jmp/0 T_10.11, 9;
    %load/vec4 v0x1d80010_0;
    %nor/r;
    %and;
T_10.11;
    %flag_set/vec4 8;
    %jmp/0xz  T_10.9, 8;
    %load/vec4 v0x1d7f9d0_0;
    %store/vec4 v0x1d803d0_0, 0, 32;
    %pushi/vec4 0, 0, 1;
    %store/vec4 v0x1d80b80_0, 0, 1;
    %load/vec4 v0x1d80c40_0;
    %store/vec4 v0x1d80820_0, 0, 3;
    %pushi/vec4 0, 0, 1;
    %store/vec4 v0x1d7fca0_0, 0, 1;
    %jmp T_10.10;
T_10.9 ;
    %load/vec4 v0x1d80d30_0;
    %flag_set/vec4 9;
    %flag_get/vec4 9;
    %jmp/0 T_10.14, 9;
    %load/vec4 v0x1d80010_0;
    %and;
T_10.14;
    %flag_set/vec4 8;
    %jmp/0xz  T_10.12, 8;
    %pushi/vec4 1, 0, 1;
    %store/vec4 v0x1d7fca0_0, 0, 1;
T_10.12 ;
T_10.10 ;
    %jmp T_10.8;
T_10.1 ;
    %load/vec4 v0x1d7f9d0_0;
    %store/vec4 v0x1d803d0_0, 0, 32;
    %load/vec4 v0x1d7fde0_0;
    %store/vec4 v0x1d809e0_0, 0, 32;
    %pushi/vec4 1, 0, 1;
    %store/vec4 v0x1d80b80_0, 0, 1;
    %load/vec4 v0x1d80c40_0;
    %store/vec4 v0x1d80820_0, 0, 3;
    %pushi/vec4 0, 0, 1;
    %store/vec4 v0x1d7fca0_0, 0, 1;
    %jmp T_10.8;
T_10.2 ;
    %pushi/vec4 1, 0, 1;
    %store/vec4 v0x1d80570_0, 0, 1;
    %pushi/vec4 1, 0, 1;
    %store/vec4 v0x1d7fca0_0, 0, 1;
    %jmp T_10.8;
T_10.3 ;
    %pushi/vec4 1, 0, 1;
    %store/vec4 v0x1d80570_0, 0, 1;
    %pushi/vec4 1, 0, 1;
    %store/vec4 v0x1d7fca0_0, 0, 1;
    %jmp T_10.8;
T_10.4 ;
    %pushi/vec4 1, 0, 1;
    %store/vec4 v0x1d80570_0, 0, 1;
    %pushi/vec4 1, 0, 1;
    %store/vec4 v0x1d7fca0_0, 0, 1;
    %jmp T_10.8;
T_10.5 ;
    %load/vec4 v0x1d80d30_0;
    %flag_set/vec4 9;
    %flag_get/vec4 9;
    %jmp/0 T_10.17, 9;
    %load/vec4 v0x1d80010_0;
    %nor/r;
    %and;
T_10.17;
    %flag_set/vec4 8;
    %jmp/0xz  T_10.15, 8;
    %load/vec4 v0x1d7f9d0_0;
    %store/vec4 v0x1d803d0_0, 0, 32;
    %pushi/vec4 0, 0, 1;
    %store/vec4 v0x1d80b80_0, 0, 1;
    %load/vec4 v0x1d80c40_0;
    %store/vec4 v0x1d80820_0, 0, 3;
    %pushi/vec4 0, 0, 1;
    %store/vec4 v0x1d7fca0_0, 0, 1;
    %jmp T_10.16;
T_10.15 ;
    %load/vec4 v0x1d80d30_0;
    %flag_set/vec4 9;
    %flag_get/vec4 9;
    %jmp/0 T_10.20, 9;
    %load/vec4 v0x1d80010_0;
    %and;
T_10.20;
    %flag_set/vec4 8;
    %jmp/0xz  T_10.18, 8;
    %pushi/vec4 1, 0, 1;
    %store/vec4 v0x1d7fca0_0, 0, 1;
T_10.18 ;
T_10.16 ;
    %jmp T_10.8;
T_10.6 ;
    %pushi/vec4 1, 0, 1;
    %store/vec4 v0x1d7fca0_0, 0, 1;
    %jmp T_10.8;
T_10.7 ;
    %load/vec4 v0x1d7fa70_0;
    %store/vec4 v0x1d803d0_0, 0, 32;
    %load/vec4 v0x1d7feb0_0;
    %store/vec4 v0x1d809e0_0, 0, 32;
    %pushi/vec4 1, 0, 1;
    %store/vec4 v0x1d80b80_0, 0, 1;
    %load/vec4 v0x1d80c40_0;
    %store/vec4 v0x1d80820_0, 0, 3;
    %pushi/vec4 0, 0, 1;
    %store/vec4 v0x1d7fca0_0, 0, 1;
    %jmp T_10.8;
T_10.8 ;
    %pop/vec4 1;
    %jmp T_10;
    .thread T_10, $push;
    .scope S_0x1d7ef80;
T_11 ;
    %wait E_0x1d0fb50;
    %load/vec4 v0x1d7fd40_0;
    %nor/r;
    %flag_set/vec4 8;
    %jmp/0xz  T_11.0, 8;
    %pushi/vec4 0, 0, 32;
    %assign/vec4 v0x1d802f0_0, 0;
    %pushi/vec4 0, 0, 32;
    %assign/vec4 v0x1d80900_0, 0;
    %pushi/vec4 0, 0, 1;
    %assign/vec4 v0x1d80ac0_0, 0;
    %pushi/vec4 0, 0, 3;
    %assign/vec4 v0x1d80740_0, 0;
    %pushi/vec4 0, 0, 1;
    %assign/vec4 v0x1d804b0_0, 0;
    %pushi/vec4 1, 0, 1;
    %assign/vec4 v0x1d7fbb0_0, 0;
    %jmp T_11.1;
T_11.0 ;
    %load/vec4 v0x1d803d0_0;
    %assign/vec4 v0x1d802f0_0, 0;
    %load/vec4 v0x1d809e0_0;
    %assign/vec4 v0x1d80900_0, 0;
    %load/vec4 v0x1d80b80_0;
    %assign/vec4 v0x1d80ac0_0, 0;
    %load/vec4 v0x1d80820_0;
    %assign/vec4 v0x1d80740_0, 0;
    %load/vec4 v0x1d80570_0;
    %assign/vec4 v0x1d804b0_0, 0;
    %load/vec4 v0x1d7fca0_0;
    %assign/vec4 v0x1d7fbb0_0, 0;
T_11.1 ;
    %jmp T_11;
    .thread T_11;
    .scope S_0x1d80fe0;
T_12 ;
    %wait E_0x1d812b0;
    %load/vec4 v0x1d81ac0_0;
    %nor/r;
    %flag_set/vec4 10;
    %flag_get/vec4 10;
    %jmp/0 T_12.3, 10;
    %load/vec4 v0x1d814f0_0;
    %and;
T_12.3;
    %flag_set/vec4 9;
    %flag_get/vec4 9;
    %jmp/0 T_12.2, 9;
    %load/vec4 v0x1d81780_0;
    %pushi/vec4 0, 0, 3;
    %cmp/ne;
    %flag_get/vec4 4;
    %and;
T_12.2;
    %flag_set/vec4 8;
    %jmp/0xz  T_12.0, 8;
    %pushi/vec4 0, 0, 24;
    %load/vec4 v0x1d81320_0;
    %parti/s 8, 0, 2;
    %concat/vec4; draw_concat_vec4
    %store/vec4 v0x1d81690_0, 0, 32;
    %jmp T_12.1;
T_12.0 ;
    %pushi/vec4 0, 0, 32;
    %store/vec4 v0x1d81690_0, 0, 32;
T_12.1 ;
    %jmp T_12;
    .thread T_12, $push;
# The file index is used to find the file name in the following table.
:file_names 7;
    "N/A";
    "<interactive>";
    "AHB_Master.v";
    "bridge_top.v";
    "AHB_Slave_Interface.v";
    "APB_Controller.v";
    "APB_Interface.v";
